#
# A fatal error has been detected by the Java Runtime Environment:
#
#  EXCEPTION_ACCESS_VIOLATION (0xc0000005) at pc=0x00007ffc27a8dba2, pid=8512, tid=11316
#
# JRE version: OpenJDK Runtime Environment (14.0+36) (build 14+36-1461)
# Java VM: OpenJDK 64-Bit Server VM (14+36-1461, mixed mode, sharing, tiered, compressed oops, g1 gc, windows-amd64)
# Problematic frame:
# V  [jvm.dll+0x50dba2]
#
# No core dump will be written. Minidumps are not enabled by default on client versions of Windows
#
# If you would like to submit a bug report, please visit:
#   https://bugreport.java.com/bugreport/crash.jsp
#

---------------  S U M M A R Y ------------

Command Line: -Dvisualvm.id=183068744953400 --enable-preview -javaagent:C:\Users\javst\AppData\Local\JetBrains\Toolbox\apps\IDEA-U\ch-0\201.7846.29\lib\idea_rt.jar=36507:C:\Users\javst\AppData\Local\JetBrains\Toolbox\apps\IDEA-U\ch-0\201.7846.29\bin -Dfile.encoding=UTF-8 com.opengg.simonorigins.Main

Host: Intel(R) Core(TM) i7-8705G CPU @ 3.10GHz, 8 cores, 15G,  Windows 10 , 64 bit Build 19041 (10.0.19041.207)
Time: Mon May 25 19:08:28 2020 Eastern Daylight Time elapsed time: 1 seconds (0d 0h 0m 1s)

---------------  T H R E A D  ---------------

Current thread (0x000001d030387000):  JavaThread "C2 CompilerThread1" daemon [_thread_in_native, id=11316, stack(0x0000000ccab00000,0x0000000ccac00000)]


Current CompileTask:
C2:   1296 1479   !   4       javax.swing.JComponent::paint (409 bytes)

Stack: [0x0000000ccab00000,0x0000000ccac00000],  sp=0x0000000ccabfa7e0,  free space=1001k
Native frames: (J=compiled Java code, j=interpreted, Vv=VM code, C=native code)
V  [jvm.dll+0x50dba2]
V  [jvm.dll+0x50d934]
V  [jvm.dll+0x50cd99]
V  [jvm.dll+0x1ee016]
V  [jvm.dll+0x1e76f6]
V  [jvm.dll+0x1e4f78]
V  [jvm.dll+0x1779cc]
V  [jvm.dll+0x1f40e5]
V  [jvm.dll+0x1f22cb]
V  [jvm.dll+0x706a7d]
V  [jvm.dll+0x6ff89a]
V  [jvm.dll+0x5f72a6]
C  [ucrtbase.dll+0x21542]
C  [KERNEL32.DLL+0x16fd4]
C  [ntdll.dll+0x4cec1]


siginfo: EXCEPTION_ACCESS_VIOLATION (0xc0000005), reading address 0x0000000000000008


Register to memory mapping:

RIP=0x00007ffc27a8dba2 jvm.dll
RAX=0x000001d032a4b390 points into unknown readable memory: 00 00 00 00 00 00 00 00
RBX=0x0 is NULL
RCX=0x0 is NULL
RDX=0x000001d032a4b390 points into unknown readable memory: 00 00 00 00 00 00 00 00
RSP=0x0000000ccabfa7e0 is pointing into the stack for thread: 0x000001d030387000
RBP=0x000001d032a8ac60 points into unknown readable memory: 00 00 00 00 00 00 00 00
RSI=0x000001d032e79488 points into unknown readable memory: 80 2a d9 27 fc 7f 00 00
RDI=0x0000000ccabfacd0 is pointing into the stack for thread: 0x000001d030387000
R8 =0x0 is NULL
R9 =0xfefeff6f6071735e is an unknown value
R10=0xfefefefefefefeff is an unknown value
R11=0x8080808080808080 is an unknown value
R12=0x0000000ccabfa8d0 is pointing into the stack for thread: 0x000001d030387000
R13=0x0000000ccabfa8b0 is pointing into the stack for thread: 0x000001d030387000
R14=0x000001d0329ac9d8 points into unknown readable memory: 68 6c dd 27 fc 7f 00 00
R15=0x000001d03333fc10 points into unknown readable memory: f0 2f d9 27 fc 7f 00 00


Registers:
RAX=0x000001d032a4b390, RBX=0x0000000000000000, RCX=0x0000000000000000, RDX=0x000001d032a4b390
RSP=0x0000000ccabfa7e0, RBP=0x000001d032a8ac60, RSI=0x000001d032e79488, RDI=0x0000000ccabfacd0
R8 =0x0000000000000000, R9 =0xfefeff6f6071735e, R10=0xfefefefefefefeff, R11=0x8080808080808080
R12=0x0000000ccabfa8d0, R13=0x0000000ccabfa8b0, R14=0x000001d0329ac9d8, R15=0x000001d03333fc10
RIP=0x00007ffc27a8dba2, EFLAGS=0x0000000000010202

Top of Stack: (sp=0x0000000ccabfa7e0)
0x0000000ccabfa7e0:   000001d030411330 000001d0329ac9d8
0x0000000ccabfa7f0:   000001d0337c29f8 000001d00000001f
0x0000000ccabfa800:   0000000000000001 0000000ccabfa918
0x0000000ccabfa810:   000001d03333fdd0 00007ffc27a8d934
0x0000000ccabfa820:   0000000000000005 000000000000030f
0x0000000ccabfa830:   000001d0329ac9d8 00007ffc27b5932b
0x0000000ccabfa840:   0000000000000000 0000000000000000
0x0000000ccabfa850:   000001d0304113a8 0000000ccabfa980
0x0000000ccabfa860:   000001d009d71080 0000000000000000
0x0000000ccabfa870:   0000000000000001 00007ffc27a8cd99
0x0000000ccabfa880:   0000000ccabfacd0 0000000ccabfacd0
0x0000000ccabfa890:   0000000000000001 0000000000000001
0x0000000ccabfa8a0:   000001d0335a03a8 0000000000020020
0x0000000ccabfa8b0:   000001d030372bf0 0000000c00000400
0x0000000ccabfa8c0:   000001d0331a76b0 00007ffc00000310
0x0000000ccabfa8d0:   0000000c00000200 000001d030da8a00 

Instructions: (pc=0x00007ffc27a8dba2)
0x00007ffc27a8daa2:   10 00 0f 85 c6 02 00 00 48 8d 48 38 49 8b d6 48
0x00007ffc27a8dab2:   83 c4 20 41 5e 5f 5b e9 62 e2 b6 ff 49 8b 06 49
0x00007ffc27a8dac2:   8b ce ff 50 10 84 c0 74 29 41 8b 5e 28 3b 5f 28
0x00007ffc27a8dad2:   72 0b 8b d3 48 8d 4f 20 e8 81 b7 0c 00 48 8b 47
0x00007ffc27a8dae2:   30 48 c7 04 d8 00 00 00 00 48 83 c4 20 41 5e 5f
0x00007ffc27a8daf2:   5b c3 48 89 74 24 48 49 8b d6 48 8b cf 4c 89 7c
0x00007ffc27a8db02:   24 50 e8 d7 f2 fe ff 4c 8b c0 49 8b d6 48 8b cf
0x00007ffc27a8db12:   4c 8b f8 e8 d6 2b 00 00 48 8b d8 48 85 c0 75 55
0x00007ffc27a8db22:   41 8b 5e 28 3b 5f 28 72 0b 8b d3 48 8d 4f 20 e8
0x00007ffc27a8db32:   2a b7 0c 00 48 8b 47 30 48 c7 04 d8 00 00 00 00
0x00007ffc27a8db42:   8b 9f d0 09 00 00 8d 43 01 89 87 d0 09 00 00 3b
0x00007ffc27a8db52:   9f c0 09 00 00 72 0e 8b d3 48 8d 8f b8 09 00 00
0x00007ffc27a8db62:   e8 f9 b6 0c 00 48 8b 87 c8 09 00 00 4c 89 34 d8
0x00007ffc27a8db72:   e9 ef 01 00 00 48 89 6c 24 40 48 8b f0 4c 3b f8
0x00007ffc27a8db82:   0f 84 6d 01 00 00 0f 1f 84 00 00 00 00 00 8b 4b
0x00007ffc27a8db92:   28 48 8b 87 f8 09 00 00 48 8b 1c c8 48 8d 14 c8
0x00007ffc27a8dba2:   48 8b 43 08 48 83 38 00 75 25 8b 4f 28 90 8b 43
0x00007ffc27a8dbb2:   28 3b c1 73 0a 48 8b 5f 30 48 8b 1c c3 eb 02 33
0x00007ffc27a8dbc2:   db 48 83 e3 fe 48 8b 43 08 48 83 38 00 74 df 48
0x00007ffc27a8dbd2:   89 1a 48 8b cf 48 8b d3 e8 c1 9d d6 ff 84 c0 75
0x00007ffc27a8dbe2:   09 48 8b af 90 09 00 00 eb 16 8b 43 28 3b 47 28
0x00007ffc27a8dbf2:   73 0c 8b c8 48 8b 47 30 48 8b 2c c8 eb 02 33 ed
0x00007ffc27a8dc02:   48 8b d6 48 8b cf e8 93 9d d6 ff 84 c0 75 09 48
0x00007ffc27a8dc12:   8b 87 90 09 00 00 eb 16 8b 46 28 3b 47 28 73 0c
0x00007ffc27a8dc22:   8b c8 48 8b 47 30 48 8b 04 c8 eb 02 33 c0 0f b6
0x00007ffc27a8dc32:   40 58 48 8b cb 38 45 58 48 0f 43 ce 48 8b f1 4c
0x00007ffc27a8dc42:   3b fb 0f 85 46 ff ff ff 49 3b cf 0f 84 a2 00 00
0x00007ffc27a8dc52:   00 e8 58 ce 0c 00 48 85 c0 0f 84 94 00 00 00 0f
0x00007ffc27a8dc62:   b6 48 2c 80 e1 7f 80 f9 60 0f 85 84 00 00 00 48
0x00007ffc27a8dc72:   8b 40 08 48 3b 70 08 75 7a 0f b6 46 2c 24 0f 3c
0x00007ffc27a8dc82:   08 75 70 33 d2 48 8b ce e8 51 b5 0b 00 48 85 c0
0x00007ffc27a8dc92:   74 61 48 8b c8 e8 94 16 c7 ff 85 c0 79 55 f7 d0 


Stack slot to memory mapping:
stack at sp + 0 slots: 0x000001d030411330 points into unknown readable memory: 70 ab db 27 fc 7f 00 00
stack at sp + 1 slots: 0x000001d0329ac9d8 points into unknown readable memory: 68 6c dd 27 fc 7f 00 00
stack at sp + 2 slots: 0x000001d0337c29f8 points into unknown readable memory: 28 2f d9 27 fc 7f 00 00
stack at sp + 3 slots: 0x000001d00000001f is an unknown value
stack at sp + 4 slots: 0x0000000000000001 is an unknown value
stack at sp + 5 slots: 0x0000000ccabfa918 is pointing into the stack for thread: 0x000001d030387000
stack at sp + 6 slots: 0x000001d03333fdd0 points into unknown readable memory: f8 88 da 27 fc 7f 00 00
stack at sp + 7 slots: 0x00007ffc27a8d934 jvm.dll


---------------  P R O C E S S  ---------------

Threads class SMR info:
_java_thread_list=0x000001d030ac2d60, length=18, elements={
0x000001d009d6e800, 0x000001d02f9a0800, 0x000001d02f9a2000, 0x000001d03023c800,
0x000001d030240800, 0x000001d030244800, 0x000001d030245800, 0x000001d03024a000,
0x000001d030253800, 0x000001d03036b800, 0x000001d030387000, 0x000001d03036d800,
0x000001d03036a000, 0x000001d03036b000, 0x000001d030369800, 0x000001d03036f000,
0x000001d03036c800, 0x000001d030b3b000
}

Java Threads: ( => current thread )
  0x000001d009d6e800 JavaThread "main" [_thread_in_Java, id=11256, stack(0x0000000cc9b00000,0x0000000cc9c00000)]
  0x000001d02f9a0800 JavaThread "Reference Handler" daemon [_thread_blocked, id=14764, stack(0x0000000cca200000,0x0000000cca300000)]
  0x000001d02f9a2000 JavaThread "Finalizer" daemon [_thread_blocked, id=9264, stack(0x0000000cca300000,0x0000000cca400000)]
  0x000001d03023c800 JavaThread "Signal Dispatcher" daemon [_thread_blocked, id=13376, stack(0x0000000cca400000,0x0000000cca500000)]
  0x000001d030240800 JavaThread "Attach Listener" daemon [_thread_blocked, id=3808, stack(0x0000000cca500000,0x0000000cca600000)]
  0x000001d030244800 JavaThread "Service Thread" daemon [_thread_blocked, id=20948, stack(0x0000000cca600000,0x0000000cca700000)]
  0x000001d030245800 JavaThread "C2 CompilerThread0" daemon [_thread_blocked, id=21312, stack(0x0000000cca700000,0x0000000cca800000)]
  0x000001d03024a000 JavaThread "C1 CompilerThread0" daemon [_thread_blocked, id=11676, stack(0x0000000cca800000,0x0000000cca900000)]
  0x000001d030253800 JavaThread "Sweeper thread" daemon [_thread_blocked, id=5884, stack(0x0000000cca900000,0x0000000ccaa00000)]
  0x000001d03036b800 JavaThread "Common-Cleaner" daemon [_thread_blocked, id=1588, stack(0x0000000ccaa00000,0x0000000ccab00000)]
=>0x000001d030387000 JavaThread "C2 CompilerThread1" daemon [_thread_in_native, id=11316, stack(0x0000000ccab00000,0x0000000ccac00000)]
  0x000001d03036d800 JavaThread "Monitor Ctrl-Break" daemon [_thread_in_native, id=20604, stack(0x0000000ccac00000,0x0000000ccad00000)]
  0x000001d03036a000 JavaThread "Notification Thread" daemon [_thread_blocked, id=13956, stack(0x0000000ccad00000,0x0000000ccae00000)]
  0x000001d03036b000 JavaThread "Java2D Disposer" daemon [_thread_blocked, id=14636, stack(0x0000000ccaf00000,0x0000000ccb000000)]
  0x000001d030369800 JavaThread "AWT-Shutdown" [_thread_blocked, id=6036, stack(0x0000000ccb000000,0x0000000ccb100000)]
  0x000001d03036f000 JavaThread "AWT-Windows" daemon [_thread_in_native, id=20712, stack(0x0000000ccb100000,0x0000000ccb200000)]
  0x000001d03036c800 JavaThread "AWT-EventQueue-0" [_thread_in_native, id=14772, stack(0x0000000ccb200000,0x0000000ccb300000)]
  0x000001d030b3b000 JavaThread "C2 CompilerThread2" daemon [_thread_blocked, id=12020, stack(0x0000000ccb300000,0x0000000ccb400000)]

Other Threads:
  0x000001d02f99c000 VMThread "VM Thread" [stack: 0x0000000cca100000,0x0000000cca200000] [id=5564]
  0x000001d03045c000 WatcherThread [stack: 0x0000000ccae00000,0x0000000ccaf00000] [id=9100]
  0x000001d009dd5000 GCTaskThread "GC Thread#0" [stack: 0x0000000cc9c00000,0x0000000cc9d00000] [id=12624]
  0x000001d030bb5000 GCTaskThread "GC Thread#1" [stack: 0x0000000ccb400000,0x0000000ccb500000] [id=19716]
  0x000001d030bb5800 GCTaskThread "GC Thread#2" [stack: 0x0000000ccb500000,0x0000000ccb600000] [id=19804]
  0x000001d030bb6000 GCTaskThread "GC Thread#3" [stack: 0x0000000ccb600000,0x0000000ccb700000] [id=18352]
  0x000001d030b76000 GCTaskThread "GC Thread#4" [stack: 0x0000000ccb700000,0x0000000ccb800000] [id=16532]
  0x000001d030b78800 GCTaskThread "GC Thread#5" [stack: 0x0000000ccb800000,0x0000000ccb900000] [id=19032]
  0x000001d009df6800 ConcurrentGCThread "G1 Main Marker" [stack: 0x0000000cc9d00000,0x0000000cc9e00000] [id=7284]
  0x000001d009df8000 ConcurrentGCThread "G1 Conc#0" [stack: 0x0000000cc9e00000,0x0000000cc9f00000] [id=10832]
  0x000001d02f87d000 ConcurrentGCThread "G1 Refine#0" [stack: 0x0000000cc9f00000,0x0000000cca000000] [id=14324]
  0x000001d02f87e000 ConcurrentGCThread "G1 Young RemSet Sampling" [stack: 0x0000000cca000000,0x0000000cca100000] [id=11040]

Threads with active compile tasks:
C2 CompilerThread1     1385 1479   !   4       javax.swing.JComponent::paint (409 bytes)

VM state:not at safepoint (normal execution)

VM Mutex/Monitor currently owned by a thread: None

Heap address: 0x0000000702e00000, size: 4050 MB, Compressed Oops mode: Zero based, Oop shift amount: 3
Narrow klass base: 0x0000000800000000, Narrow klass shift: 3
Compressed class space size: 1073741824 Address: 0x0000000800b30000

Heap:
 garbage-first heap   total 260096K, used 23963K [0x0000000702e00000, 0x0000000800000000)
  region size 1024K, 23 young (23552K), 3 survivors (3072K)
 Metaspace       used 7381K, capacity 7654K, committed 7936K, reserved 1056768K
  class space    used 788K, capacity 900K, committed 1024K, reserved 1048576K
Heap Regions: E=young(eden), S=young(survivor), O=old, HS=humongous(starts), HC=humongous(continues), CS=collection set, F=free, OA=open archive, CA=closed archive, TAMS=top-at-mark-start (previous, next)
|   0|0x0000000702e00000, 0x0000000702e00000, 0x0000000702f00000|  0%| F|  |TAMS 0x0000000702e00000, 0x0000000702e00000| Untracked 
|   1|0x0000000702f00000, 0x0000000702f00000, 0x0000000703000000|  0%| F|  |TAMS 0x0000000702f00000, 0x0000000702f00000| Untracked 
|   2|0x0000000703000000, 0x0000000703100000, 0x0000000703100000|100%|HS|  |TAMS 0x0000000703000000, 0x0000000703000000| Complete 
|   3|0x0000000703100000, 0x0000000703200000, 0x0000000703200000|100%|HC|  |TAMS 0x0000000703100000, 0x0000000703100000| Complete 
|   4|0x0000000703200000, 0x0000000703200000, 0x0000000703300000|  0%| F|  |TAMS 0x0000000703200000, 0x0000000703200000| Untracked 
|   5|0x0000000703300000, 0x0000000703300000, 0x0000000703400000|  0%| F|  |TAMS 0x0000000703300000, 0x0000000703300000| Untracked 
|   6|0x0000000703400000, 0x0000000703400000, 0x0000000703500000|  0%| F|  |TAMS 0x0000000703400000, 0x0000000703400000| Untracked 
|   7|0x0000000703500000, 0x0000000703500000, 0x0000000703600000|  0%| F|  |TAMS 0x0000000703500000, 0x0000000703500000| Untracked 
|   8|0x0000000703600000, 0x0000000703600000, 0x0000000703700000|  0%| F|  |TAMS 0x0000000703600000, 0x0000000703600000| Untracked 
|   9|0x0000000703700000, 0x0000000703700000, 0x0000000703800000|  0%| F|  |TAMS 0x0000000703700000, 0x0000000703700000| Untracked 
|  10|0x0000000703800000, 0x0000000703800000, 0x0000000703900000|  0%| F|  |TAMS 0x0000000703800000, 0x0000000703800000| Untracked 
|  11|0x0000000703900000, 0x0000000703900000, 0x0000000703a00000|  0%| F|  |TAMS 0x0000000703900000, 0x0000000703900000| Untracked 
|  12|0x0000000703a00000, 0x0000000703a00000, 0x0000000703b00000|  0%| F|  |TAMS 0x0000000703a00000, 0x0000000703a00000| Untracked 
|  13|0x0000000703b00000, 0x0000000703b00000, 0x0000000703c00000|  0%| F|  |TAMS 0x0000000703b00000, 0x0000000703b00000| Untracked 
|  14|0x0000000703c00000, 0x0000000703c00000, 0x0000000703d00000|  0%| F|  |TAMS 0x0000000703c00000, 0x0000000703c00000| Untracked 
|  15|0x0000000703d00000, 0x0000000703d00000, 0x0000000703e00000|  0%| F|  |TAMS 0x0000000703d00000, 0x0000000703d00000| Untracked 
|  16|0x0000000703e00000, 0x0000000703e00000, 0x0000000703f00000|  0%| F|  |TAMS 0x0000000703e00000, 0x0000000703e00000| Untracked 
|  17|0x0000000703f00000, 0x0000000703f00000, 0x0000000704000000|  0%| F|  |TAMS 0x0000000703f00000, 0x0000000703f00000| Untracked 
|  18|0x0000000704000000, 0x0000000704000000, 0x0000000704100000|  0%| F|  |TAMS 0x0000000704000000, 0x0000000704000000| Untracked 
|  19|0x0000000704100000, 0x0000000704100000, 0x0000000704200000|  0%| F|  |TAMS 0x0000000704100000, 0x0000000704100000| Untracked 
|  20|0x0000000704200000, 0x0000000704200000, 0x0000000704300000|  0%| F|  |TAMS 0x0000000704200000, 0x0000000704200000| Untracked 
|  21|0x0000000704300000, 0x0000000704300000, 0x0000000704400000|  0%| F|  |TAMS 0x0000000704300000, 0x0000000704300000| Untracked 
|  22|0x0000000704400000, 0x0000000704400000, 0x0000000704500000|  0%| F|  |TAMS 0x0000000704400000, 0x0000000704400000| Untracked 
|  23|0x0000000704500000, 0x0000000704500000, 0x0000000704600000|  0%| F|  |TAMS 0x0000000704500000, 0x0000000704500000| Untracked 
|  24|0x0000000704600000, 0x0000000704600000, 0x0000000704700000|  0%| F|  |TAMS 0x0000000704600000, 0x0000000704600000| Untracked 
|  25|0x0000000704700000, 0x0000000704700000, 0x0000000704800000|  0%| F|  |TAMS 0x0000000704700000, 0x0000000704700000| Untracked 
|  26|0x0000000704800000, 0x0000000704800000, 0x0000000704900000|  0%| F|  |TAMS 0x0000000704800000, 0x0000000704800000| Untracked 
|  27|0x0000000704900000, 0x0000000704900000, 0x0000000704a00000|  0%| F|  |TAMS 0x0000000704900000, 0x0000000704900000| Untracked 
|  28|0x0000000704a00000, 0x0000000704a00000, 0x0000000704b00000|  0%| F|  |TAMS 0x0000000704a00000, 0x0000000704a00000| Untracked 
|  29|0x0000000704b00000, 0x0000000704b00000, 0x0000000704c00000|  0%| F|  |TAMS 0x0000000704b00000, 0x0000000704b00000| Untracked 
|  30|0x0000000704c00000, 0x0000000704c00000, 0x0000000704d00000|  0%| F|  |TAMS 0x0000000704c00000, 0x0000000704c00000| Untracked 
|  31|0x0000000704d00000, 0x0000000704d00000, 0x0000000704e00000|  0%| F|  |TAMS 0x0000000704d00000, 0x0000000704d00000| Untracked 
|  32|0x0000000704e00000, 0x0000000704e00000, 0x0000000704f00000|  0%| F|  |TAMS 0x0000000704e00000, 0x0000000704e00000| Untracked 
|  33|0x0000000704f00000, 0x0000000704f00000, 0x0000000705000000|  0%| F|  |TAMS 0x0000000704f00000, 0x0000000704f00000| Untracked 
|  34|0x0000000705000000, 0x0000000705000000, 0x0000000705100000|  0%| F|  |TAMS 0x0000000705000000, 0x0000000705000000| Untracked 
|  35|0x0000000705100000, 0x0000000705100000, 0x0000000705200000|  0%| F|  |TAMS 0x0000000705100000, 0x0000000705100000| Untracked 
|  36|0x0000000705200000, 0x0000000705200000, 0x0000000705300000|  0%| F|  |TAMS 0x0000000705200000, 0x0000000705200000| Untracked 
|  37|0x0000000705300000, 0x0000000705300000, 0x0000000705400000|  0%| F|  |TAMS 0x0000000705300000, 0x0000000705300000| Untracked 
|  38|0x0000000705400000, 0x0000000705400000, 0x0000000705500000|  0%| F|  |TAMS 0x0000000705400000, 0x0000000705400000| Untracked 
|  39|0x0000000705500000, 0x0000000705500000, 0x0000000705600000|  0%| F|  |TAMS 0x0000000705500000, 0x0000000705500000| Untracked 
|  40|0x0000000705600000, 0x0000000705600000, 0x0000000705700000|  0%| F|  |TAMS 0x0000000705600000, 0x0000000705600000| Untracked 
|  41|0x0000000705700000, 0x0000000705700000, 0x0000000705800000|  0%| F|  |TAMS 0x0000000705700000, 0x0000000705700000| Untracked 
|  42|0x0000000705800000, 0x0000000705800000, 0x0000000705900000|  0%| F|  |TAMS 0x0000000705800000, 0x0000000705800000| Untracked 
|  43|0x0000000705900000, 0x0000000705900000, 0x0000000705a00000|  0%| F|  |TAMS 0x0000000705900000, 0x0000000705900000| Untracked 
|  44|0x0000000705a00000, 0x0000000705a00000, 0x0000000705b00000|  0%| F|  |TAMS 0x0000000705a00000, 0x0000000705a00000| Untracked 
|  45|0x0000000705b00000, 0x0000000705b00000, 0x0000000705c00000|  0%| F|  |TAMS 0x0000000705b00000, 0x0000000705b00000| Untracked 
|  46|0x0000000705c00000, 0x0000000705c00000, 0x0000000705d00000|  0%| F|  |TAMS 0x0000000705c00000, 0x0000000705c00000| Untracked 
|  47|0x0000000705d00000, 0x0000000705d00000, 0x0000000705e00000|  0%| F|  |TAMS 0x0000000705d00000, 0x0000000705d00000| Untracked 
|  48|0x0000000705e00000, 0x0000000705e00000, 0x0000000705f00000|  0%| F|  |TAMS 0x0000000705e00000, 0x0000000705e00000| Untracked 
|  49|0x0000000705f00000, 0x0000000705f00000, 0x0000000706000000|  0%| F|  |TAMS 0x0000000705f00000, 0x0000000705f00000| Untracked 
|  50|0x0000000706000000, 0x0000000706000000, 0x0000000706100000|  0%| F|  |TAMS 0x0000000706000000, 0x0000000706000000| Untracked 
|  51|0x0000000706100000, 0x0000000706100000, 0x0000000706200000|  0%| F|  |TAMS 0x0000000706100000, 0x0000000706100000| Untracked 
|  52|0x0000000706200000, 0x0000000706200000, 0x0000000706300000|  0%| F|  |TAMS 0x0000000706200000, 0x0000000706200000| Untracked 
|  53|0x0000000706300000, 0x0000000706300000, 0x0000000706400000|  0%| F|  |TAMS 0x0000000706300000, 0x0000000706300000| Untracked 
|  54|0x0000000706400000, 0x0000000706400000, 0x0000000706500000|  0%| F|  |TAMS 0x0000000706400000, 0x0000000706400000| Untracked 
|  55|0x0000000706500000, 0x0000000706500000, 0x0000000706600000|  0%| F|  |TAMS 0x0000000706500000, 0x0000000706500000| Untracked 
|  56|0x0000000706600000, 0x0000000706600000, 0x0000000706700000|  0%| F|  |TAMS 0x0000000706600000, 0x0000000706600000| Untracked 
|  57|0x0000000706700000, 0x0000000706700000, 0x0000000706800000|  0%| F|  |TAMS 0x0000000706700000, 0x0000000706700000| Untracked 
|  58|0x0000000706800000, 0x0000000706800000, 0x0000000706900000|  0%| F|  |TAMS 0x0000000706800000, 0x0000000706800000| Untracked 
|  59|0x0000000706900000, 0x0000000706900000, 0x0000000706a00000|  0%| F|  |TAMS 0x0000000706900000, 0x0000000706900000| Untracked 
|  60|0x0000000706a00000, 0x0000000706a00000, 0x0000000706b00000|  0%| F|  |TAMS 0x0000000706a00000, 0x0000000706a00000| Untracked 
|  61|0x0000000706b00000, 0x0000000706b00000, 0x0000000706c00000|  0%| F|  |TAMS 0x0000000706b00000, 0x0000000706b00000| Untracked 
|  62|0x0000000706c00000, 0x0000000706c00000, 0x0000000706d00000|  0%| F|  |TAMS 0x0000000706c00000, 0x0000000706c00000| Untracked 
|  63|0x0000000706d00000, 0x0000000706d00000, 0x0000000706e00000|  0%| F|  |TAMS 0x0000000706d00000, 0x0000000706d00000| Untracked 
|  64|0x0000000706e00000, 0x0000000706e00000, 0x0000000706f00000|  0%| F|  |TAMS 0x0000000706e00000, 0x0000000706e00000| Untracked 
|  65|0x0000000706f00000, 0x0000000706f00000, 0x0000000707000000|  0%| F|  |TAMS 0x0000000706f00000, 0x0000000706f00000| Untracked 
|  66|0x0000000707000000, 0x0000000707000000, 0x0000000707100000|  0%| F|  |TAMS 0x0000000707000000, 0x0000000707000000| Untracked 
|  67|0x0000000707100000, 0x0000000707100000, 0x0000000707200000|  0%| F|  |TAMS 0x0000000707100000, 0x0000000707100000| Untracked 
|  68|0x0000000707200000, 0x0000000707200000, 0x0000000707300000|  0%| F|  |TAMS 0x0000000707200000, 0x0000000707200000| Untracked 
|  69|0x0000000707300000, 0x0000000707300000, 0x0000000707400000|  0%| F|  |TAMS 0x0000000707300000, 0x0000000707300000| Untracked 
|  70|0x0000000707400000, 0x0000000707400000, 0x0000000707500000|  0%| F|  |TAMS 0x0000000707400000, 0x0000000707400000| Untracked 
|  71|0x0000000707500000, 0x0000000707500000, 0x0000000707600000|  0%| F|  |TAMS 0x0000000707500000, 0x0000000707500000| Untracked 
|  72|0x0000000707600000, 0x0000000707600000, 0x0000000707700000|  0%| F|  |TAMS 0x0000000707600000, 0x0000000707600000| Untracked 
|  73|0x0000000707700000, 0x0000000707700000, 0x0000000707800000|  0%| F|  |TAMS 0x0000000707700000, 0x0000000707700000| Untracked 
|  74|0x0000000707800000, 0x0000000707800000, 0x0000000707900000|  0%| F|  |TAMS 0x0000000707800000, 0x0000000707800000| Untracked 
|  75|0x0000000707900000, 0x0000000707900000, 0x0000000707a00000|  0%| F|  |TAMS 0x0000000707900000, 0x0000000707900000| Untracked 
|  76|0x0000000707a00000, 0x0000000707a00000, 0x0000000707b00000|  0%| F|  |TAMS 0x0000000707a00000, 0x0000000707a00000| Untracked 
|  77|0x0000000707b00000, 0x0000000707b00000, 0x0000000707c00000|  0%| F|  |TAMS 0x0000000707b00000, 0x0000000707b00000| Untracked 
|  78|0x0000000707c00000, 0x0000000707c00000, 0x0000000707d00000|  0%| F|  |TAMS 0x0000000707c00000, 0x0000000707c00000| Untracked 
|  79|0x0000000707d00000, 0x0000000707d00000, 0x0000000707e00000|  0%| F|  |TAMS 0x0000000707d00000, 0x0000000707d00000| Untracked 
|  80|0x0000000707e00000, 0x0000000707e00000, 0x0000000707f00000|  0%| F|  |TAMS 0x0000000707e00000, 0x0000000707e00000| Untracked 
|  81|0x0000000707f00000, 0x0000000707f00000, 0x0000000708000000|  0%| F|  |TAMS 0x0000000707f00000, 0x0000000707f00000| Untracked 
|  82|0x0000000708000000, 0x0000000708000000, 0x0000000708100000|  0%| F|  |TAMS 0x0000000708000000, 0x0000000708000000| Untracked 
|  83|0x0000000708100000, 0x0000000708100000, 0x0000000708200000|  0%| F|  |TAMS 0x0000000708100000, 0x0000000708100000| Untracked 
|  84|0x0000000708200000, 0x0000000708200000, 0x0000000708300000|  0%| F|  |TAMS 0x0000000708200000, 0x0000000708200000| Untracked 
|  85|0x0000000708300000, 0x0000000708300000, 0x0000000708400000|  0%| F|  |TAMS 0x0000000708300000, 0x0000000708300000| Untracked 
|  86|0x0000000708400000, 0x0000000708400000, 0x0000000708500000|  0%| F|  |TAMS 0x0000000708400000, 0x0000000708400000| Untracked 
|  87|0x0000000708500000, 0x0000000708500000, 0x0000000708600000|  0%| F|  |TAMS 0x0000000708500000, 0x0000000708500000| Untracked 
|  88|0x0000000708600000, 0x0000000708600000, 0x0000000708700000|  0%| F|  |TAMS 0x0000000708600000, 0x0000000708600000| Untracked 
|  89|0x0000000708700000, 0x0000000708700000, 0x0000000708800000|  0%| F|  |TAMS 0x0000000708700000, 0x0000000708700000| Untracked 
|  90|0x0000000708800000, 0x0000000708800000, 0x0000000708900000|  0%| F|  |TAMS 0x0000000708800000, 0x0000000708800000| Untracked 
|  91|0x0000000708900000, 0x0000000708900000, 0x0000000708a00000|  0%| F|  |TAMS 0x0000000708900000, 0x0000000708900000| Untracked 
|  92|0x0000000708a00000, 0x0000000708a00000, 0x0000000708b00000|  0%| F|  |TAMS 0x0000000708a00000, 0x0000000708a00000| Untracked 
|  93|0x0000000708b00000, 0x0000000708b00000, 0x0000000708c00000|  0%| F|  |TAMS 0x0000000708b00000, 0x0000000708b00000| Untracked 
|  94|0x0000000708c00000, 0x0000000708c00000, 0x0000000708d00000|  0%| F|  |TAMS 0x0000000708c00000, 0x0000000708c00000| Untracked 
|  95|0x0000000708d00000, 0x0000000708d00000, 0x0000000708e00000|  0%| F|  |TAMS 0x0000000708d00000, 0x0000000708d00000| Untracked 
|  96|0x0000000708e00000, 0x0000000708e00000, 0x0000000708f00000|  0%| F|  |TAMS 0x0000000708e00000, 0x0000000708e00000| Untracked 
|  97|0x0000000708f00000, 0x0000000708f00000, 0x0000000709000000|  0%| F|  |TAMS 0x0000000708f00000, 0x0000000708f00000| Untracked 
|  98|0x0000000709000000, 0x0000000709000000, 0x0000000709100000|  0%| F|  |TAMS 0x0000000709000000, 0x0000000709000000| Untracked 
|  99|0x0000000709100000, 0x0000000709100000, 0x0000000709200000|  0%| F|  |TAMS 0x0000000709100000, 0x0000000709100000| Untracked 
| 100|0x0000000709200000, 0x0000000709200000, 0x0000000709300000|  0%| F|  |TAMS 0x0000000709200000, 0x0000000709200000| Untracked 
| 101|0x0000000709300000, 0x0000000709300000, 0x0000000709400000|  0%| F|  |TAMS 0x0000000709300000, 0x0000000709300000| Untracked 
| 102|0x0000000709400000, 0x0000000709400000, 0x0000000709500000|  0%| F|  |TAMS 0x0000000709400000, 0x0000000709400000| Untracked 
| 103|0x0000000709500000, 0x0000000709500000, 0x0000000709600000|  0%| F|  |TAMS 0x0000000709500000, 0x0000000709500000| Untracked 
| 104|0x0000000709600000, 0x0000000709600000, 0x0000000709700000|  0%| F|  |TAMS 0x0000000709600000, 0x0000000709600000| Untracked 
| 105|0x0000000709700000, 0x0000000709700000, 0x0000000709800000|  0%| F|  |TAMS 0x0000000709700000, 0x0000000709700000| Untracked 
| 106|0x0000000709800000, 0x0000000709800000, 0x0000000709900000|  0%| F|  |TAMS 0x0000000709800000, 0x0000000709800000| Untracked 
| 107|0x0000000709900000, 0x0000000709900000, 0x0000000709a00000|  0%| F|  |TAMS 0x0000000709900000, 0x0000000709900000| Untracked 
| 108|0x0000000709a00000, 0x0000000709a00000, 0x0000000709b00000|  0%| F|  |TAMS 0x0000000709a00000, 0x0000000709a00000| Untracked 
| 109|0x0000000709b00000, 0x0000000709b00000, 0x0000000709c00000|  0%| F|  |TAMS 0x0000000709b00000, 0x0000000709b00000| Untracked 
| 110|0x0000000709c00000, 0x0000000709c00000, 0x0000000709d00000|  0%| F|  |TAMS 0x0000000709c00000, 0x0000000709c00000| Untracked 
| 111|0x0000000709d00000, 0x0000000709d00000, 0x0000000709e00000|  0%| F|  |TAMS 0x0000000709d00000, 0x0000000709d00000| Untracked 
| 112|0x0000000709e00000, 0x0000000709e00000, 0x0000000709f00000|  0%| F|  |TAMS 0x0000000709e00000, 0x0000000709e00000| Untracked 
| 113|0x0000000709f00000, 0x0000000709f00000, 0x000000070a000000|  0%| F|  |TAMS 0x0000000709f00000, 0x0000000709f00000| Untracked 
| 114|0x000000070a000000, 0x000000070a000000, 0x000000070a100000|  0%| F|  |TAMS 0x000000070a000000, 0x000000070a000000| Untracked 
| 115|0x000000070a100000, 0x000000070a100000, 0x000000070a200000|  0%| F|  |TAMS 0x000000070a100000, 0x000000070a100000| Untracked 
| 116|0x000000070a200000, 0x000000070a200000, 0x000000070a300000|  0%| F|  |TAMS 0x000000070a200000, 0x000000070a200000| Untracked 
| 117|0x000000070a300000, 0x000000070a300000, 0x000000070a400000|  0%| F|  |TAMS 0x000000070a300000, 0x000000070a300000| Untracked 
| 118|0x000000070a400000, 0x000000070a400000, 0x000000070a500000|  0%| F|  |TAMS 0x000000070a400000, 0x000000070a400000| Untracked 
| 119|0x000000070a500000, 0x000000070a500000, 0x000000070a600000|  0%| F|  |TAMS 0x000000070a500000, 0x000000070a500000| Untracked 
| 120|0x000000070a600000, 0x000000070a600000, 0x000000070a700000|  0%| F|  |TAMS 0x000000070a600000, 0x000000070a600000| Untracked 
| 121|0x000000070a700000, 0x000000070a700000, 0x000000070a800000|  0%| F|  |TAMS 0x000000070a700000, 0x000000070a700000| Untracked 
| 122|0x000000070a800000, 0x000000070a800000, 0x000000070a900000|  0%| F|  |TAMS 0x000000070a800000, 0x000000070a800000| Untracked 
| 123|0x000000070a900000, 0x000000070a900000, 0x000000070aa00000|  0%| F|  |TAMS 0x000000070a900000, 0x000000070a900000| Untracked 
| 124|0x000000070aa00000, 0x000000070aa00000, 0x000000070ab00000|  0%| F|  |TAMS 0x000000070aa00000, 0x000000070aa00000| Untracked 
| 125|0x000000070ab00000, 0x000000070ab00000, 0x000000070ac00000|  0%| F|  |TAMS 0x000000070ab00000, 0x000000070ab00000| Untracked 
| 126|0x000000070ac00000, 0x000000070ac00000, 0x000000070ad00000|  0%| F|  |TAMS 0x000000070ac00000, 0x000000070ac00000| Untracked 
| 127|0x000000070ad00000, 0x000000070ad00000, 0x000000070ae00000|  0%| F|  |TAMS 0x000000070ad00000, 0x000000070ad00000| Untracked 
| 128|0x000000070ae00000, 0x000000070ae00000, 0x000000070af00000|  0%| F|  |TAMS 0x000000070ae00000, 0x000000070ae00000| Untracked 
| 129|0x000000070af00000, 0x000000070af00000, 0x000000070b000000|  0%| F|  |TAMS 0x000000070af00000, 0x000000070af00000| Untracked 
| 130|0x000000070b000000, 0x000000070b000000, 0x000000070b100000|  0%| F|  |TAMS 0x000000070b000000, 0x000000070b000000| Untracked 
| 131|0x000000070b100000, 0x000000070b100000, 0x000000070b200000|  0%| F|  |TAMS 0x000000070b100000, 0x000000070b100000| Untracked 
| 132|0x000000070b200000, 0x000000070b200000, 0x000000070b300000|  0%| F|  |TAMS 0x000000070b200000, 0x000000070b200000| Untracked 
| 133|0x000000070b300000, 0x000000070b300000, 0x000000070b400000|  0%| F|  |TAMS 0x000000070b300000, 0x000000070b300000| Untracked 
| 134|0x000000070b400000, 0x000000070b400000, 0x000000070b500000|  0%| F|  |TAMS 0x000000070b400000, 0x000000070b400000| Untracked 
| 135|0x000000070b500000, 0x000000070b500000, 0x000000070b600000|  0%| F|  |TAMS 0x000000070b500000, 0x000000070b500000| Untracked 
| 136|0x000000070b600000, 0x000000070b600000, 0x000000070b700000|  0%| F|  |TAMS 0x000000070b600000, 0x000000070b600000| Untracked 
| 137|0x000000070b700000, 0x000000070b700000, 0x000000070b800000|  0%| F|  |TAMS 0x000000070b700000, 0x000000070b700000| Untracked 
| 138|0x000000070b800000, 0x000000070b800000, 0x000000070b900000|  0%| F|  |TAMS 0x000000070b800000, 0x000000070b800000| Untracked 
| 139|0x000000070b900000, 0x000000070b900000, 0x000000070ba00000|  0%| F|  |TAMS 0x000000070b900000, 0x000000070b900000| Untracked 
| 140|0x000000070ba00000, 0x000000070ba00000, 0x000000070bb00000|  0%| F|  |TAMS 0x000000070ba00000, 0x000000070ba00000| Untracked 
| 141|0x000000070bb00000, 0x000000070bb00000, 0x000000070bc00000|  0%| F|  |TAMS 0x000000070bb00000, 0x000000070bb00000| Untracked 
| 142|0x000000070bc00000, 0x000000070bc00000, 0x000000070bd00000|  0%| F|  |TAMS 0x000000070bc00000, 0x000000070bc00000| Untracked 
| 143|0x000000070bd00000, 0x000000070bd00000, 0x000000070be00000|  0%| F|  |TAMS 0x000000070bd00000, 0x000000070bd00000| Untracked 
| 144|0x000000070be00000, 0x000000070be00000, 0x000000070bf00000|  0%| F|  |TAMS 0x000000070be00000, 0x000000070be00000| Untracked 
| 145|0x000000070bf00000, 0x000000070bf00000, 0x000000070c000000|  0%| F|  |TAMS 0x000000070bf00000, 0x000000070bf00000| Untracked 
| 146|0x000000070c000000, 0x000000070c000000, 0x000000070c100000|  0%| F|  |TAMS 0x000000070c000000, 0x000000070c000000| Untracked 
| 147|0x000000070c100000, 0x000000070c100000, 0x000000070c200000|  0%| F|  |TAMS 0x000000070c100000, 0x000000070c100000| Untracked 
| 148|0x000000070c200000, 0x000000070c200000, 0x000000070c300000|  0%| F|  |TAMS 0x000000070c200000, 0x000000070c200000| Untracked 
| 149|0x000000070c300000, 0x000000070c300000, 0x000000070c400000|  0%| F|  |TAMS 0x000000070c300000, 0x000000070c300000| Untracked 
| 150|0x000000070c400000, 0x000000070c400000, 0x000000070c500000|  0%| F|  |TAMS 0x000000070c400000, 0x000000070c400000| Untracked 
| 151|0x000000070c500000, 0x000000070c500000, 0x000000070c600000|  0%| F|  |TAMS 0x000000070c500000, 0x000000070c500000| Untracked 
| 152|0x000000070c600000, 0x000000070c600000, 0x000000070c700000|  0%| F|  |TAMS 0x000000070c600000, 0x000000070c600000| Untracked 
| 153|0x000000070c700000, 0x000000070c700000, 0x000000070c800000|  0%| F|  |TAMS 0x000000070c700000, 0x000000070c700000| Untracked 
| 154|0x000000070c800000, 0x000000070c800000, 0x000000070c900000|  0%| F|  |TAMS 0x000000070c800000, 0x000000070c800000| Untracked 
| 155|0x000000070c900000, 0x000000070c900000, 0x000000070ca00000|  0%| F|  |TAMS 0x000000070c900000, 0x000000070c900000| Untracked 
| 156|0x000000070ca00000, 0x000000070ca00000, 0x000000070cb00000|  0%| F|  |TAMS 0x000000070ca00000, 0x000000070ca00000| Untracked 
| 157|0x000000070cb00000, 0x000000070cb00000, 0x000000070cc00000|  0%| F|  |TAMS 0x000000070cb00000, 0x000000070cb00000| Untracked 
| 158|0x000000070cc00000, 0x000000070cc00000, 0x000000070cd00000|  0%| F|  |TAMS 0x000000070cc00000, 0x000000070cc00000| Untracked 
| 159|0x000000070cd00000, 0x000000070cd00000, 0x000000070ce00000|  0%| F|  |TAMS 0x000000070cd00000, 0x000000070cd00000| Untracked 
| 160|0x000000070ce00000, 0x000000070ce00000, 0x000000070cf00000|  0%| F|  |TAMS 0x000000070ce00000, 0x000000070ce00000| Untracked 
| 161|0x000000070cf00000, 0x000000070cf00000, 0x000000070d000000|  0%| F|  |TAMS 0x000000070cf00000, 0x000000070cf00000| Untracked 
| 162|0x000000070d000000, 0x000000070d000000, 0x000000070d100000|  0%| F|  |TAMS 0x000000070d000000, 0x000000070d000000| Untracked 
| 163|0x000000070d100000, 0x000000070d100000, 0x000000070d200000|  0%| F|  |TAMS 0x000000070d100000, 0x000000070d100000| Untracked 
| 164|0x000000070d200000, 0x000000070d200000, 0x000000070d300000|  0%| F|  |TAMS 0x000000070d200000, 0x000000070d200000| Untracked 
| 165|0x000000070d300000, 0x000000070d300000, 0x000000070d400000|  0%| F|  |TAMS 0x000000070d300000, 0x000000070d300000| Untracked 
| 166|0x000000070d400000, 0x000000070d400000, 0x000000070d500000|  0%| F|  |TAMS 0x000000070d400000, 0x000000070d400000| Untracked 
| 167|0x000000070d500000, 0x000000070d500000, 0x000000070d600000|  0%| F|  |TAMS 0x000000070d500000, 0x000000070d500000| Untracked 
| 168|0x000000070d600000, 0x000000070d600000, 0x000000070d700000|  0%| F|  |TAMS 0x000000070d600000, 0x000000070d600000| Untracked 
| 169|0x000000070d700000, 0x000000070d700000, 0x000000070d800000|  0%| F|  |TAMS 0x000000070d700000, 0x000000070d700000| Untracked 
| 170|0x000000070d800000, 0x000000070d800000, 0x000000070d900000|  0%| F|  |TAMS 0x000000070d800000, 0x000000070d800000| Untracked 
| 171|0x000000070d900000, 0x000000070d900000, 0x000000070da00000|  0%| F|  |TAMS 0x000000070d900000, 0x000000070d900000| Untracked 
| 172|0x000000070da00000, 0x000000070da00000, 0x000000070db00000|  0%| F|  |TAMS 0x000000070da00000, 0x000000070da00000| Untracked 
| 173|0x000000070db00000, 0x000000070db00000, 0x000000070dc00000|  0%| F|  |TAMS 0x000000070db00000, 0x000000070db00000| Untracked 
| 174|0x000000070dc00000, 0x000000070dc00000, 0x000000070dd00000|  0%| F|  |TAMS 0x000000070dc00000, 0x000000070dc00000| Untracked 
| 175|0x000000070dd00000, 0x000000070dd00000, 0x000000070de00000|  0%| F|  |TAMS 0x000000070dd00000, 0x000000070dd00000| Untracked 
| 176|0x000000070de00000, 0x000000070de00000, 0x000000070df00000|  0%| F|  |TAMS 0x000000070de00000, 0x000000070de00000| Untracked 
| 177|0x000000070df00000, 0x000000070df00000, 0x000000070e000000|  0%| F|  |TAMS 0x000000070df00000, 0x000000070df00000| Untracked 
| 178|0x000000070e000000, 0x000000070e000000, 0x000000070e100000|  0%| F|  |TAMS 0x000000070e000000, 0x000000070e000000| Untracked 
| 179|0x000000070e100000, 0x000000070e100000, 0x000000070e200000|  0%| F|  |TAMS 0x000000070e100000, 0x000000070e100000| Untracked 
| 180|0x000000070e200000, 0x000000070e200000, 0x000000070e300000|  0%| F|  |TAMS 0x000000070e200000, 0x000000070e200000| Untracked 
| 181|0x000000070e300000, 0x000000070e300000, 0x000000070e400000|  0%| F|  |TAMS 0x000000070e300000, 0x000000070e300000| Untracked 
| 182|0x000000070e400000, 0x000000070e400000, 0x000000070e500000|  0%| F|  |TAMS 0x000000070e400000, 0x000000070e400000| Untracked 
| 183|0x000000070e500000, 0x000000070e500000, 0x000000070e600000|  0%| F|  |TAMS 0x000000070e500000, 0x000000070e500000| Untracked 
| 184|0x000000070e600000, 0x000000070e600000, 0x000000070e700000|  0%| F|  |TAMS 0x000000070e600000, 0x000000070e600000| Untracked 
| 185|0x000000070e700000, 0x000000070e700000, 0x000000070e800000|  0%| F|  |TAMS 0x000000070e700000, 0x000000070e700000| Untracked 
| 186|0x000000070e800000, 0x000000070e800000, 0x000000070e900000|  0%| F|  |TAMS 0x000000070e800000, 0x000000070e800000| Untracked 
| 187|0x000000070e900000, 0x000000070e900000, 0x000000070ea00000|  0%| F|  |TAMS 0x000000070e900000, 0x000000070e900000| Untracked 
| 188|0x000000070ea00000, 0x000000070ea00000, 0x000000070eb00000|  0%| F|  |TAMS 0x000000070ea00000, 0x000000070ea00000| Untracked 
| 189|0x000000070eb00000, 0x000000070eb00000, 0x000000070ec00000|  0%| F|  |TAMS 0x000000070eb00000, 0x000000070eb00000| Untracked 
| 190|0x000000070ec00000, 0x000000070ec00000, 0x000000070ed00000|  0%| F|  |TAMS 0x000000070ec00000, 0x000000070ec00000| Untracked 
| 191|0x000000070ed00000, 0x000000070ed00000, 0x000000070ee00000|  0%| F|  |TAMS 0x000000070ed00000, 0x000000070ed00000| Untracked 
| 192|0x000000070ee00000, 0x000000070ee00000, 0x000000070ef00000|  0%| F|  |TAMS 0x000000070ee00000, 0x000000070ee00000| Untracked 
| 193|0x000000070ef00000, 0x000000070ef00000, 0x000000070f000000|  0%| F|  |TAMS 0x000000070ef00000, 0x000000070ef00000| Untracked 
| 194|0x000000070f000000, 0x000000070f000000, 0x000000070f100000|  0%| F|  |TAMS 0x000000070f000000, 0x000000070f000000| Untracked 
| 195|0x000000070f100000, 0x000000070f100000, 0x000000070f200000|  0%| F|  |TAMS 0x000000070f100000, 0x000000070f100000| Untracked 
| 196|0x000000070f200000, 0x000000070f200000, 0x000000070f300000|  0%| F|  |TAMS 0x000000070f200000, 0x000000070f200000| Untracked 
| 197|0x000000070f300000, 0x000000070f300000, 0x000000070f400000|  0%| F|  |TAMS 0x000000070f300000, 0x000000070f300000| Untracked 
| 198|0x000000070f400000, 0x000000070f400000, 0x000000070f500000|  0%| F|  |TAMS 0x000000070f400000, 0x000000070f400000| Untracked 
| 199|0x000000070f500000, 0x000000070f500000, 0x000000070f600000|  0%| F|  |TAMS 0x000000070f500000, 0x000000070f500000| Untracked 
| 200|0x000000070f600000, 0x000000070f600000, 0x000000070f700000|  0%| F|  |TAMS 0x000000070f600000, 0x000000070f600000| Untracked 
| 201|0x000000070f700000, 0x000000070f700000, 0x000000070f800000|  0%| F|  |TAMS 0x000000070f700000, 0x000000070f700000| Untracked 
| 202|0x000000070f800000, 0x000000070f800000, 0x000000070f900000|  0%| F|  |TAMS 0x000000070f800000, 0x000000070f800000| Untracked 
| 203|0x000000070f900000, 0x000000070f900000, 0x000000070fa00000|  0%| F|  |TAMS 0x000000070f900000, 0x000000070f900000| Untracked 
| 204|0x000000070fa00000, 0x000000070fa00000, 0x000000070fb00000|  0%| F|  |TAMS 0x000000070fa00000, 0x000000070fa00000| Untracked 
| 205|0x000000070fb00000, 0x000000070fb00000, 0x000000070fc00000|  0%| F|  |TAMS 0x000000070fb00000, 0x000000070fb00000| Untracked 
| 206|0x000000070fc00000, 0x000000070fc00000, 0x000000070fd00000|  0%| F|  |TAMS 0x000000070fc00000, 0x000000070fc00000| Untracked 
| 207|0x000000070fd00000, 0x000000070fd00000, 0x000000070fe00000|  0%| F|  |TAMS 0x000000070fd00000, 0x000000070fd00000| Untracked 
| 208|0x000000070fe00000, 0x000000070fe00000, 0x000000070ff00000|  0%| F|  |TAMS 0x000000070fe00000, 0x000000070fe00000| Untracked 
| 209|0x000000070ff00000, 0x000000070ff00000, 0x0000000710000000|  0%| F|  |TAMS 0x000000070ff00000, 0x000000070ff00000| Untracked 
| 210|0x0000000710000000, 0x0000000710000000, 0x0000000710100000|  0%| F|  |TAMS 0x0000000710000000, 0x0000000710000000| Untracked 
| 211|0x0000000710100000, 0x0000000710100000, 0x0000000710200000|  0%| F|  |TAMS 0x0000000710100000, 0x0000000710100000| Untracked 
| 212|0x0000000710200000, 0x0000000710200000, 0x0000000710300000|  0%| F|  |TAMS 0x0000000710200000, 0x0000000710200000| Untracked 
| 213|0x0000000710300000, 0x0000000710300000, 0x0000000710400000|  0%| F|  |TAMS 0x0000000710300000, 0x0000000710300000| Untracked 
| 214|0x0000000710400000, 0x0000000710400000, 0x0000000710500000|  0%| F|  |TAMS 0x0000000710400000, 0x0000000710400000| Untracked 
| 215|0x0000000710500000, 0x0000000710500000, 0x0000000710600000|  0%| F|  |TAMS 0x0000000710500000, 0x0000000710500000| Untracked 
| 216|0x0000000710600000, 0x0000000710600000, 0x0000000710700000|  0%| F|  |TAMS 0x0000000710600000, 0x0000000710600000| Untracked 
| 217|0x0000000710700000, 0x0000000710766e88, 0x0000000710800000| 40%| S|CS|TAMS 0x0000000710700000, 0x0000000710700000| Complete 
| 218|0x0000000710800000, 0x0000000710900000, 0x0000000710900000|100%| S|CS|TAMS 0x0000000710800000, 0x0000000710800000| Complete 
| 219|0x0000000710900000, 0x0000000710a00000, 0x0000000710a00000|100%| S|CS|TAMS 0x0000000710900000, 0x0000000710900000| Complete 
| 220|0x0000000710a00000, 0x0000000710a00000, 0x0000000710b00000|  0%| F|  |TAMS 0x0000000710a00000, 0x0000000710a00000| Untracked 
| 221|0x0000000710b00000, 0x0000000710b00000, 0x0000000710c00000|  0%| F|  |TAMS 0x0000000710b00000, 0x0000000710b00000| Untracked 
| 222|0x0000000710c00000, 0x0000000710c00000, 0x0000000710d00000|  0%| F|  |TAMS 0x0000000710c00000, 0x0000000710c00000| Untracked 
| 223|0x0000000710d00000, 0x0000000710d00000, 0x0000000710e00000|  0%| F|  |TAMS 0x0000000710d00000, 0x0000000710d00000| Untracked 
| 224|0x0000000710e00000, 0x0000000710e00000, 0x0000000710f00000|  0%| F|  |TAMS 0x0000000710e00000, 0x0000000710e00000| Untracked 
| 225|0x0000000710f00000, 0x0000000710f00000, 0x0000000711000000|  0%| F|  |TAMS 0x0000000710f00000, 0x0000000710f00000| Untracked 
| 226|0x0000000711000000, 0x0000000711000000, 0x0000000711100000|  0%| F|  |TAMS 0x0000000711000000, 0x0000000711000000| Untracked 
| 227|0x0000000711100000, 0x0000000711100000, 0x0000000711200000|  0%| F|  |TAMS 0x0000000711100000, 0x0000000711100000| Untracked 
| 228|0x0000000711200000, 0x0000000711200000, 0x0000000711300000|  0%| F|  |TAMS 0x0000000711200000, 0x0000000711200000| Untracked 
| 229|0x0000000711300000, 0x0000000711300000, 0x0000000711400000|  0%| F|  |TAMS 0x0000000711300000, 0x0000000711300000| Untracked 
| 230|0x0000000711400000, 0x0000000711400000, 0x0000000711500000|  0%| F|  |TAMS 0x0000000711400000, 0x0000000711400000| Untracked 
| 231|0x0000000711500000, 0x0000000711500000, 0x0000000711600000|  0%| F|  |TAMS 0x0000000711500000, 0x0000000711500000| Untracked 
| 232|0x0000000711600000, 0x0000000711600000, 0x0000000711700000|  0%| F|  |TAMS 0x0000000711600000, 0x0000000711600000| Untracked 
| 233|0x0000000711700000, 0x0000000711800000, 0x0000000711800000|100%| E|  |TAMS 0x0000000711700000, 0x0000000711700000| Complete 
| 234|0x0000000711800000, 0x0000000711900000, 0x0000000711900000|100%| E|CS|TAMS 0x0000000711800000, 0x0000000711800000| Complete 
| 235|0x0000000711900000, 0x0000000711a00000, 0x0000000711a00000|100%| E|CS|TAMS 0x0000000711900000, 0x0000000711900000| Complete 
| 236|0x0000000711a00000, 0x0000000711b00000, 0x0000000711b00000|100%| E|CS|TAMS 0x0000000711a00000, 0x0000000711a00000| Complete 
| 237|0x0000000711b00000, 0x0000000711c00000, 0x0000000711c00000|100%| E|CS|TAMS 0x0000000711b00000, 0x0000000711b00000| Complete 
| 238|0x0000000711c00000, 0x0000000711d00000, 0x0000000711d00000|100%| E|CS|TAMS 0x0000000711c00000, 0x0000000711c00000| Complete 
| 239|0x0000000711d00000, 0x0000000711e00000, 0x0000000711e00000|100%| E|CS|TAMS 0x0000000711d00000, 0x0000000711d00000| Complete 
| 240|0x0000000711e00000, 0x0000000711f00000, 0x0000000711f00000|100%| E|CS|TAMS 0x0000000711e00000, 0x0000000711e00000| Complete 
| 241|0x0000000711f00000, 0x0000000712000000, 0x0000000712000000|100%| E|CS|TAMS 0x0000000711f00000, 0x0000000711f00000| Complete 
| 242|0x0000000712000000, 0x0000000712100000, 0x0000000712100000|100%| E|CS|TAMS 0x0000000712000000, 0x0000000712000000| Complete 
| 243|0x0000000712100000, 0x0000000712200000, 0x0000000712200000|100%| E|CS|TAMS 0x0000000712100000, 0x0000000712100000| Complete 
| 244|0x0000000712200000, 0x0000000712300000, 0x0000000712300000|100%| E|CS|TAMS 0x0000000712200000, 0x0000000712200000| Complete 
| 245|0x0000000712300000, 0x0000000712400000, 0x0000000712400000|100%| E|CS|TAMS 0x0000000712300000, 0x0000000712300000| Complete 
| 246|0x0000000712400000, 0x0000000712500000, 0x0000000712500000|100%| E|CS|TAMS 0x0000000712400000, 0x0000000712400000| Complete 
| 247|0x0000000712500000, 0x0000000712600000, 0x0000000712600000|100%| E|CS|TAMS 0x0000000712500000, 0x0000000712500000| Complete 
| 248|0x0000000712600000, 0x0000000712700000, 0x0000000712700000|100%| E|CS|TAMS 0x0000000712600000, 0x0000000712600000| Complete 
| 249|0x0000000712700000, 0x0000000712800000, 0x0000000712800000|100%| E|CS|TAMS 0x0000000712700000, 0x0000000712700000| Complete 
| 250|0x0000000712800000, 0x0000000712900000, 0x0000000712900000|100%| E|CS|TAMS 0x0000000712800000, 0x0000000712800000| Complete 
| 251|0x0000000712900000, 0x0000000712a00000, 0x0000000712a00000|100%| E|CS|TAMS 0x0000000712900000, 0x0000000712900000| Complete 
| 252|0x0000000712a00000, 0x0000000712b00000, 0x0000000712b00000|100%| E|CS|TAMS 0x0000000712a00000, 0x0000000712a00000| Complete 
| 253|0x0000000712b00000, 0x0000000712c00000, 0x0000000712c00000|100%| E|CS|TAMS 0x0000000712b00000, 0x0000000712b00000| Complete 

Card table byte_map: [0x000001d023f80000,0x000001d024770000] _byte_map_base: 0x000001d020769000

Marking Bits (Prev, Next): (CMBitMap*) 0x000001d009dd5e88, (CMBitMap*) 0x000001d009dd5ec8
 Prev Bits: [0x000001d024f60000, 0x000001d028ea8000)
 Next Bits: [0x000001d028eb0000, 0x000001d02cdf8000)

Polling page: 0x000001d009bb0000

Metaspace:

Usage:
  Non-class:      6.60 MB capacity,     6.44 MB ( 98%) used,   137.74 KB (  2%) free+waste,    22.56 KB ( <1%) overhead. 
      Class:    900.00 KB capacity,   788.20 KB ( 88%) used,    97.30 KB ( 11%) free+waste,    14.50 KB (  2%) overhead. 
       Both:      7.47 MB capacity,     7.21 MB ( 96%) used,   235.05 KB (  3%) free+waste,    37.06 KB ( <1%) overhead. 

Virtual space:
  Non-class space:        8.00 MB reserved,       6.75 MB ( 84%) committed 
      Class space:        1.00 GB reserved,       1.00 MB ( <1%) committed 
             Both:        1.01 GB reserved,       7.75 MB ( <1%) committed 

Chunk freelists:
   Non-Class:  30.00 KB
       Class:  0 bytes
        Both:  30.00 KB

MaxMetaspaceSize: 17179869184.00 GB
CompressedClassSpaceSize: 1.00 GB

CodeHeap 'non-profiled nmethods': size=120000Kb used=967Kb max_used=967Kb free=119033Kb
 bounds [0x000001d01b800000, 0x000001d01ba70000, 0x000001d022d30000]
CodeHeap 'profiled nmethods': size=120000Kb used=2374Kb max_used=2374Kb free=117626Kb
 bounds [0x000001d0142d0000, 0x000001d014540000, 0x000001d01b800000]
CodeHeap 'non-nmethods': size=5760Kb used=1262Kb max_used=1346Kb free=4498Kb
 bounds [0x000001d013d30000, 0x000001d013fa0000, 0x000001d0142d0000]
 total_blobs=2838 nmethods=1495 adapters=453
 compilation: enabled
              stopped_count=0, restarted_count=0
 full_count=0

Compilation events (20 events):
Event: 1.243 Thread 0x000001d030b3b000 nmethod 1491 0x000001d01b8e9990 code [0x000001d01b8e9b60, 0x000001d01b8e9d68]
Event: 1.243 Thread 0x000001d030b3b000 1492       4       sun.java2d.SunGraphics2D::getTransform (50 bytes)
Event: 1.245 Thread 0x000001d030b3b000 nmethod 1492 0x000001d01b8e9f10 code [0x000001d01b8ea0e0, 0x000001d01b8ea328]
Event: 1.245 Thread 0x000001d030b3b000 1494       4       java.awt.geom.AffineTransform::concatenate (1082 bytes)
Event: 1.246 Thread 0x000001d030b3b000 nmethod 1494 0x000001d01b8ea490 code [0x000001d01b8ea640, 0x000001d01b8ea7d8]
Event: 1.246 Thread 0x000001d030b3b000 1495       4       sun.java2d.SunGraphics2D::setTransform (53 bytes)
Event: 1.247 Thread 0x000001d030b3b000 nmethod 1495 0x000001d01b8ea910 code [0x000001d01b8eaac0, 0x000001d01b8eac68]
Event: 1.247 Thread 0x000001d030b3b000 1496       4       sun.java2d.SunGraphics2D::translate (14 bytes)
Event: 1.247 Thread 0x000001d030b3b000 nmethod 1496 0x000001d01b8ead90 code [0x000001d01b8eaf40, 0x000001d01b8eb038]
Event: 1.247 Thread 0x000001d030b3b000 1497       4       sun.java2d.SunGraphics2D::scale (14 bytes)
Event: 1.248 Thread 0x000001d030b3b000 nmethod 1497 0x000001d01b8eb190 code [0x000001d01b8eb360, 0x000001d01b8eb508]
Event: 1.248 Thread 0x000001d030b3b000 1498       4       java.awt.geom.AffineTransform::scale (285 bytes)
Event: 1.249 Thread 0x000001d030b3b000 nmethod 1498 0x000001d01b8eb690 code [0x000001d01b8eb840, 0x000001d01b8eb978]
Event: 1.249 Thread 0x000001d030b3b000 1493       4       java.awt.geom.AffineTransform::setToTranslation (66 bytes)
Event: 1.250 Thread 0x000001d030b3b000 nmethod 1493 0x000001d01b8eba10 code [0x000001d01b8ebbc0, 0x000001d01b8ebcd8]
Event: 1.250 Thread 0x000001d030b3b000 1499   !   4       javax.swing.JComponent::paintToOffscreen (108 bytes)
Event: 1.251 Thread 0x000001d030b3b000 nmethod 1499 0x000001d01b8ebd90 code [0x000001d01b8ebf60, 0x000001d01b8ec1a8]
Event: 1.251 Thread 0x000001d030b3b000 1484       4       java.awt.Rectangle::setRect (135 bytes)
Event: 1.254 Thread 0x000001d030b3b000 nmethod 1484 0x000001d01b8ec390 code [0x000001d01b8ec660, 0x000001d01b8ecdb8]
Event: 1.273 Thread 0x000001d030245800 nmethod 1490 0x000001d01b8ed090 code [0x000001d01b8ed580, 0x000001d01b8efe28]

GC Heap History (4 events):
Event: 0.779 GC heap before
{Heap before GC invocations=0 (full 0):
 garbage-first heap   total 260096K, used 27648K [0x0000000702e00000, 0x0000000800000000)
  region size 1024K, 23 young (23552K), 0 survivors (0K)
 Metaspace       used 7167K, capacity 7443K, committed 7552K, reserved 1056768K
  class space    used 771K, capacity 895K, committed 896K, reserved 1048576K
}
Event: 0.783 GC heap after
{Heap after GC invocations=1 (full 0):
 garbage-first heap   total 260096K, used 6014K [0x0000000702e00000, 0x0000000800000000)
  region size 1024K, 2 young (2048K), 2 survivors (2048K)
 Metaspace       used 7167K, capacity 7443K, committed 7552K, reserved 1056768K
  class space    used 771K, capacity 895K, committed 896K, reserved 1048576K
}
Event: 1.219 GC heap before
{Heap before GC invocations=1 (full 0):
 garbage-first heap   total 260096K, used 38782K [0x0000000702e00000, 0x0000000800000000)
  region size 1024K, 34 young (34816K), 2 survivors (2048K)
 Metaspace       used 7381K, capacity 7654K, committed 7936K, reserved 1056768K
  class space    used 788K, capacity 900K, committed 1024K, reserved 1048576K
}
Event: 1.221 GC heap after
{Heap after GC invocations=2 (full 0):
 garbage-first heap   total 260096K, used 4507K [0x0000000702e00000, 0x0000000800000000)
  region size 1024K, 3 young (3072K), 3 survivors (3072K)
 Metaspace       used 7381K, capacity 7654K, committed 7936K, reserved 1056768K
  class space    used 788K, capacity 900K, committed 1024K, reserved 1048576K
}

Deoptimization events (20 events):
Event: 1.046 Thread 0x000001d030240800 Uncommon trap: trap_request=0xffffffde fr.pc=0x000001d01b885b74 relative=0x00000000000001d4
Event: 1.046 Thread 0x000001d030240800 Uncommon trap: reason=class_check action=maybe_recompile pc=0x000001d01b885b74 method=java.nio.Buffer.<init>(IIIILjdk/internal/access/foreign/MemorySegmentProxy;)V @ 39 c2
Event: 1.046 Thread 0x000001d030240800 DEOPT PACKING pc=0x000001d01b885b74 sp=0x0000000cca5fd500
Event: 1.046 Thread 0x000001d030240800 DEOPT UNPACKING pc=0x000001d013d7912f sp=0x0000000cca5fd4d8 mode 2
Event: 1.046 Thread 0x000001d030240800 Uncommon trap: trap_request=0xffffffde fr.pc=0x000001d01b885b74 relative=0x00000000000001d4
Event: 1.046 Thread 0x000001d030240800 Uncommon trap: reason=class_check action=maybe_recompile pc=0x000001d01b885b74 method=java.nio.Buffer.<init>(IIIILjdk/internal/access/foreign/MemorySegmentProxy;)V @ 39 c2
Event: 1.046 Thread 0x000001d030240800 DEOPT PACKING pc=0x000001d01b885b74 sp=0x0000000cca5fd410
Event: 1.046 Thread 0x000001d030240800 DEOPT UNPACKING pc=0x000001d013d7912f sp=0x0000000cca5fd3e8 mode 2
Event: 1.046 Thread 0x000001d030240800 Uncommon trap: trap_request=0xffffffde fr.pc=0x000001d01b885b74 relative=0x00000000000001d4
Event: 1.046 Thread 0x000001d030240800 Uncommon trap: reason=class_check action=maybe_recompile pc=0x000001d01b885b74 method=java.nio.Buffer.<init>(IIIILjdk/internal/access/foreign/MemorySegmentProxy;)V @ 39 c2
Event: 1.046 Thread 0x000001d030240800 DEOPT PACKING pc=0x000001d01b885b74 sp=0x0000000cca5fd360
Event: 1.046 Thread 0x000001d030240800 DEOPT UNPACKING pc=0x000001d013d7912f sp=0x0000000cca5fd338 mode 2
Event: 1.056 Thread 0x000001d030240800 Uncommon trap: trap_request=0xffffff45 fr.pc=0x000001d01b888720 relative=0x0000000000000be0
Event: 1.056 Thread 0x000001d030240800 Uncommon trap: reason=unstable_if action=reinterpret pc=0x000001d01b888720 method=java.nio.charset.CharsetEncoder.encode(Ljava/nio/CharBuffer;Ljava/nio/ByteBuffer;Z)Ljava/nio/charset/CoderResult; @ 15 c2
Event: 1.056 Thread 0x000001d030240800 DEOPT PACKING pc=0x000001d01b888720 sp=0x0000000cca5ff0b0
Event: 1.056 Thread 0x000001d030240800 DEOPT UNPACKING pc=0x000001d013d7912f sp=0x0000000cca5fee20 mode 2
Event: 1.062 Thread 0x000001d030240800 Uncommon trap: trap_request=0xffffff45 fr.pc=0x000001d01b88ca5c relative=0x000000000000097c
Event: 1.062 Thread 0x000001d030240800 Uncommon trap: reason=unstable_if action=reinterpret pc=0x000001d01b88ca5c method=java.nio.charset.CharsetEncoder.encode(Ljava/nio/CharBuffer;Ljava/nio/ByteBuffer;Z)Ljava/nio/charset/CoderResult; @ 15 c2
Event: 1.062 Thread 0x000001d030240800 DEOPT PACKING pc=0x000001d01b88ca5c sp=0x0000000cca5ff040
Event: 1.062 Thread 0x000001d030240800 DEOPT UNPACKING pc=0x000001d013d7912f sp=0x0000000cca5fee08 mode 2

Classes unloaded (0 events):
No events

Classes redefined (0 events):
No events

Internal exceptions (20 events):
Event: 0.450 Thread 0x000001d03036c800 Exception <a 'java/lang/NullPointerException'{0x0000000711f05f70}> (0x0000000711f05f70) 
thrown [t:/workspace/open/src/hotspot/share/runtime/sharedRuntime.cpp, line 584]
Event: 0.451 Thread 0x000001d03036c800 Implicit null exception at 0x000001d014413ad8 to 0x000001d014413d74
Event: 0.451 Thread 0x000001d03036c800 Exception <a 'java/lang/NullPointerException'{0x0000000711f11b90}> (0x0000000711f11b90) 
thrown [t:/workspace/open/src/hotspot/share/runtime/sharedRuntime.cpp, line 584]
Event: 0.452 Thread 0x000001d03036c800 Implicit null exception at 0x000001d014413ad8 to 0x000001d014413d74
Event: 0.452 Thread 0x000001d03036c800 Exception <a 'java/lang/NullPointerException'{0x0000000711f1d7b0}> (0x0000000711f1d7b0) 
thrown [t:/workspace/open/src/hotspot/share/runtime/sharedRuntime.cpp, line 584]
Event: 0.452 Thread 0x000001d03036c800 Implicit null exception at 0x000001d014413ad8 to 0x000001d014413d74
Event: 0.452 Thread 0x000001d03036c800 Exception <a 'java/lang/NullPointerException'{0x0000000711f293d0}> (0x0000000711f293d0) 
thrown [t:/workspace/open/src/hotspot/share/runtime/sharedRuntime.cpp, line 584]
Event: 0.456 Thread 0x000001d03036c800 Implicit null exception at 0x000001d014413ad8 to 0x000001d014413d74
Event: 0.456 Thread 0x000001d03036c800 Exception <a 'java/lang/NullPointerException'{0x0000000711f34ff0}> (0x0000000711f34ff0) 
thrown [t:/workspace/open/src/hotspot/share/runtime/sharedRuntime.cpp, line 584]
Event: 0.456 Thread 0x000001d03036c800 Implicit null exception at 0x000001d014413ad8 to 0x000001d014413d74
Event: 0.456 Thread 0x000001d03036c800 Exception <a 'java/lang/NullPointerException'{0x0000000711f40c10}> (0x0000000711f40c10) 
thrown [t:/workspace/open/src/hotspot/share/runtime/sharedRuntime.cpp, line 584]
Event: 0.462 Thread 0x000001d03036c800 Implicit null exception at 0x000001d014413ad8 to 0x000001d014413d74
Event: 0.462 Thread 0x000001d03036c800 Exception <a 'java/lang/NullPointerException'{0x0000000711f4c830}> (0x0000000711f4c830) 
thrown [t:/workspace/open/src/hotspot/share/runtime/sharedRuntime.cpp, line 584]
Event: 0.463 Thread 0x000001d03036c800 Implicit null exception at 0x000001d014413ad8 to 0x000001d014413d74
Event: 0.463 Thread 0x000001d03036c800 Exception <a 'java/lang/NullPointerException'{0x0000000711f58450}> (0x0000000711f58450) 
thrown [t:/workspace/open/src/hotspot/share/runtime/sharedRuntime.cpp, line 584]
Event: 0.464 Thread 0x000001d03036c800 Implicit null exception at 0x000001d014413ad8 to 0x000001d014413d74
Event: 0.464 Thread 0x000001d03036c800 Exception <a 'java/lang/NullPointerException'{0x0000000711f64070}> (0x0000000711f64070) 
thrown [t:/workspace/open/src/hotspot/share/runtime/sharedRuntime.cpp, line 584]
Event: 0.467 Thread 0x000001d03036c800 Implicit null exception at 0x000001d01b85f187 to 0x000001d01b85f23c
Event: 0.468 Thread 0x000001d03036c800 Implicit null exception at 0x000001d01b85f187 to 0x000001d01b85f23c
Event: 0.468 Thread 0x000001d03036c800 Implicit null exception at 0x000001d01b85f187 to 0x000001d01b85f23c

Events (20 events):
Event: 1.048 loading class sun/util/cldr/CLDRTimeZoneNameProviderImpl
Event: 1.049 loading class sun/util/locale/provider/TimeZoneNameProviderImpl
Event: 1.049 loading class sun/util/locale/provider/TimeZoneNameProviderImpl done
Event: 1.049 loading class sun/util/cldr/CLDRTimeZoneNameProviderImpl done
Event: 1.050 loading class sun/util/locale/provider/BaseLocaleDataMetaInfo
Event: 1.050 loading class sun/util/locale/provider/BaseLocaleDataMetaInfo done
Event: 1.052 loading class sun/util/resources/cldr/TimeZoneNames
Event: 1.052 loading class sun/util/resources/TimeZoneNamesBundle
Event: 1.052 loading class sun/util/resources/OpenListResourceBundle
Event: 1.052 loading class sun/util/resources/OpenListResourceBundle done
Event: 1.052 loading class sun/util/resources/TimeZoneNamesBundle done
Event: 1.052 loading class sun/util/resources/cldr/TimeZoneNames done
Event: 1.052 loading class sun/util/resources/cldr/TimeZoneNames_en
Event: 1.054 loading class sun/util/resources/cldr/TimeZoneNames_en done
Event: 1.054 loading class sun/util/resources/cldr/TimeZoneNames_en_US
Event: 1.054 loading class sun/util/resources/cldr/TimeZoneNames_en_US done
Event: 1.056 loading class java/util/LinkedHashMap$LinkedKeySet
Event: 1.056 loading class java/util/LinkedHashMap$LinkedKeySet done
Event: 1.219 Executing VM operation: G1CollectForAllocation
Event: 1.222 Executing VM operation: G1CollectForAllocation done


Dynamic libraries:
0x00007ff7486e0000 - 0x00007ff7486ed000 	C:\Program Files\Java\jdk-14\bin\java.exe
0x00007ffcaa8d0000 - 0x00007ffcaaac4000 	C:\WINDOWS\SYSTEM32\ntdll.dll
0x00007ffca9380000 - 0x00007ffca943d000 	C:\WINDOWS\System32\KERNEL32.DLL
0x00007ffca8220000 - 0x00007ffca84e7000 	C:\WINDOWS\System32\KERNELBASE.dll
0x00007ffca4980000 - 0x00007ffca4a10000 	C:\WINDOWS\SYSTEM32\apphelp.dll
0x00007ffca8790000 - 0x00007ffca8890000 	C:\WINDOWS\System32\ucrtbase.dll
0x00007ffc97830000 - 0x00007ffc97848000 	C:\Program Files\Java\jdk-14\bin\jli.dll
0x00007ffc97850000 - 0x00007ffc97865000 	C:\Program Files\Java\jdk-14\bin\VCRUNTIME140.dll
0x00007ffca9140000 - 0x00007ffca92e0000 	C:\WINDOWS\System32\USER32.dll
0x00007ffc8f2e0000 - 0x00007ffc8f57a000 	C:\WINDOWS\WinSxS\amd64_microsoft.windows.common-controls_6595b64144ccf1df_6.0.19041.1_none_b555e41d4684ddec\COMCTL32.dll
0x00007ffca85a0000 - 0x00007ffca85c2000 	C:\WINDOWS\System32\win32u.dll
0x00007ffca9bd0000 - 0x00007ffca9c6e000 	C:\WINDOWS\System32\msvcrt.dll
0x00007ffca92e0000 - 0x00007ffca930a000 	C:\WINDOWS\System32\GDI32.dll
0x00007ffca8680000 - 0x00007ffca8789000 	C:\WINDOWS\System32\gdi32full.dll
0x00007ffca8180000 - 0x00007ffca821d000 	C:\WINDOWS\System32\msvcp_win.dll
0x00007ffca9ba0000 - 0x00007ffca9bd0000 	C:\WINDOWS\System32\IMM32.DLL
0x00007ffc7af90000 - 0x00007ffc7b02b000 	C:\Program Files\Java\jdk-14\bin\msvcp140.dll
0x00007ffc27580000 - 0x00007ffc2809f000 	C:\Program Files\Java\jdk-14\bin\server\jvm.dll
0x00007ffca9fb0000 - 0x00007ffcaa05a000 	C:\WINDOWS\System32\ADVAPI32.dll
0x00007ffca9b00000 - 0x00007ffca9b9b000 	C:\WINDOWS\System32\sechost.dll
0x00007ffca94b0000 - 0x00007ffca95d3000 	C:\WINDOWS\System32\RPCRT4.dll
0x00007ffca94a0000 - 0x00007ffca94a8000 	C:\WINDOWS\System32\PSAPI.DLL
0x00007ffc914c0000 - 0x00007ffc914e7000 	C:\WINDOWS\SYSTEM32\WINMM.dll
0x00007ffc9eaa0000 - 0x00007ffc9eaaa000 	C:\WINDOWS\SYSTEM32\VERSION.dll
0x00007ffca2fe0000 - 0x00007ffca2fe9000 	C:\WINDOWS\SYSTEM32\WSOCK32.dll
0x00007ffca9310000 - 0x00007ffca937b000 	C:\WINDOWS\System32\WS2_32.dll
0x00007ffca68d0000 - 0x00007ffca68e3000 	C:\WINDOWS\SYSTEM32\kernel.appcore.dll
0x00007ffc97820000 - 0x00007ffc9782a000 	C:\Program Files\Java\jdk-14\bin\jimage.dll
0x00007ffca5e60000 - 0x00007ffca6044000 	C:\WINDOWS\SYSTEM32\DBGHELP.DLL
0x00007ffc9ba40000 - 0x00007ffc9ba6c000 	C:\WINDOWS\SYSTEM32\dbgcore.DLL
0x00007ffca84f0000 - 0x00007ffca856f000 	C:\WINDOWS\System32\bcryptPrimitives.dll
0x00007ffc7b260000 - 0x00007ffc7b26e000 	C:\Program Files\Java\jdk-14\bin\instrument.dll
0x00007ffc8f130000 - 0x00007ffc8f155000 	C:\Program Files\Java\jdk-14\bin\java.dll
0x00007ffc97610000 - 0x00007ffc97627000 	C:\Program Files\Java\jdk-14\bin\zip.dll
0x00007ffca8940000 - 0x00007ffca9071000 	C:\WINDOWS\System32\SHELL32.dll
0x00007ffca6130000 - 0x00007ffca68ba000 	C:\WINDOWS\SYSTEM32\windows.storage.dll
0x00007ffcaa060000 - 0x00007ffcaa3b4000 	C:\WINDOWS\System32\combase.dll
0x00007ffca7aa0000 - 0x00007ffca7acb000 	C:\WINDOWS\SYSTEM32\Wldp.dll
0x00007ffcaa500000 - 0x00007ffcaa5ae000 	C:\WINDOWS\System32\SHCORE.dll
0x00007ffcaa4a0000 - 0x00007ffcaa4f5000 	C:\WINDOWS\System32\shlwapi.dll
0x00007ffca7f60000 - 0x00007ffca7f7f000 	C:\WINDOWS\SYSTEM32\profapi.dll
0x00007ffc7b210000 - 0x00007ffc7b229000 	C:\Program Files\Java\jdk-14\bin\net.dll
0x00007ffca0220000 - 0x00007ffca0320000 	C:\WINDOWS\SYSTEM32\WINHTTP.dll
0x00007ffca7820000 - 0x00007ffca788a000 	C:\WINDOWS\system32\mswsock.dll
0x00007ffc7b170000 - 0x00007ffc7b182000 	C:\Program Files\Java\jdk-14\bin\nio.dll
0x00007ffc7b250000 - 0x00007ffc7b260000 	C:\Program Files\Java\jdk-14\bin\verify.dll
0x00007ffc7b150000 - 0x00007ffc7b16a000 	C:\Users\javst\AppData\Local\JetBrains\Toolbox\apps\IDEA-U\ch-0\201.7846.29\bin\breakgen64.dll
0x00007ffc3c590000 - 0x00007ffc3c727000 	C:\Program Files\Java\jdk-14\bin\awt.dll
0x00007ffca9c70000 - 0x00007ffca9d3d000 	C:\WINDOWS\System32\OLEAUT32.dll
0x00007ffca58d0000 - 0x00007ffca58fe000 	C:\WINDOWS\system32\DWMAPI.DLL
0x00007ffca4db0000 - 0x00007ffca4e4f000 	C:\WINDOWS\system32\uxtheme.dll
0x00007ffc83900000 - 0x00007ffc83a5c000 	C:\WINDOWS\system32\opengl32.dll
0x00007ffc83680000 - 0x00007ffc836ac000 	C:\WINDOWS\SYSTEM32\GLU32.dll
0x00007ffca9e90000 - 0x00007ffca9fa5000 	C:\WINDOWS\System32\MSCTF.dll
0x00007ffca9d40000 - 0x00007ffca9e69000 	C:\WINDOWS\System32\ole32.dll
0x00007ffc552d0000 - 0x00007ffc55352000 	C:\Program Files\Java\jdk-14\bin\freetype.dll
0x00007ffc3d360000 - 0x00007ffc3d406000 	C:\Program Files\Java\jdk-14\bin\fontmanager.dll
0x00007ffc9bb50000 - 0x00007ffc9bc4c000 	C:\WINDOWS\SYSTEM32\textinputframework.dll
0x00007ffca4750000 - 0x00007ffca4842000 	C:\WINDOWS\System32\CoreMessaging.dll
0x00007ffca3f60000 - 0x00007ffca42ba000 	C:\WINDOWS\System32\CoreUIComponents.dll
0x00007ffca6d30000 - 0x00007ffca6d63000 	C:\WINDOWS\SYSTEM32\ntmarta.dll
0x00007ffca4c20000 - 0x00007ffca4d76000 	C:\WINDOWS\SYSTEM32\wintypes.dll
0x00007ffc86360000 - 0x00007ffc863c6000 	C:\WINDOWS\system32\Oleacc.dll

dbghelp: loaded successfully - version: 4.0.5 - missing functions: none
symbol engine: initialized successfully - sym options: 0x614 - pdb path: .;C:\Program Files\Java\jdk-14\bin;C:\WINDOWS\SYSTEM32;C:\WINDOWS\WinSxS\amd64_microsoft.windows.common-controls_6595b64144ccf1df_6.0.19041.1_none_b555e41d4684ddec;C:\Program Files\Java\jdk-14\bin\server;C:\Users\javst\AppData\Local\JetBrains\Toolbox\apps\IDEA-U\ch-0\201.7846.29\bin

VM Arguments:
jvm_args: -Dvisualvm.id=183068744953400 --enable-preview -javaagent:C:\Users\javst\AppData\Local\JetBrains\Toolbox\apps\IDEA-U\ch-0\201.7846.29\lib\idea_rt.jar=36507:C:\Users\javst\AppData\Local\JetBrains\Toolbox\apps\IDEA-U\ch-0\201.7846.29\bin -Dfile.encoding=UTF-8 
java_command: com.opengg.simonorigins.Main
java_class_path (initial): C:\Users\javst\Documents\Projects\SimonOrigins\out\production\SimonOrigins
Launcher Type: SUN_STANDARD

[Global flags]
     intx CICompilerCount                          = 4                                         {product} {ergonomic}
     uint ConcGCThreads                            = 2                                         {product} {ergonomic}
     uint G1ConcRefinementThreads                  = 8                                         {product} {ergonomic}
   size_t G1HeapRegionSize                         = 1048576                                   {product} {ergonomic}
    uintx GCDrainStackTargetSize                   = 64                                        {product} {ergonomic}
   size_t InitialHeapSize                          = 266338304                                 {product} {ergonomic}
   size_t MarkStackSize                            = 4194304                                   {product} {ergonomic}
   size_t MaxHeapSize                              = 4246732800                                {product} {ergonomic}
   size_t MaxNewSize                               = 2548039680                                {product} {ergonomic}
   size_t MinHeapDeltaBytes                        = 1048576                                   {product} {ergonomic}
   size_t MinHeapSize                              = 8388608                                   {product} {ergonomic}
    uintx NonNMethodCodeHeapSize                   = 5839372                                {pd product} {ergonomic}
    uintx NonProfiledCodeHeapSize                  = 122909434                              {pd product} {ergonomic}
    uintx ProfiledCodeHeapSize                     = 122909434                              {pd product} {ergonomic}
    uintx ReservedCodeCacheSize                    = 251658240                              {pd product} {ergonomic}
     bool SegmentedCodeCache                       = true                                      {product} {ergonomic}
   size_t SoftMaxHeapSize                          = 4246732800                             {manageable} {ergonomic}
     bool UseCompressedClassPointers               = true                                 {lp64_product} {ergonomic}
     bool UseCompressedOops                        = true                                 {lp64_product} {ergonomic}
     bool UseG1GC                                  = true                                      {product} {ergonomic}
     bool UseLargePagesIndividualAllocation        = false                                  {pd product} {ergonomic}

Logging:
Log output configuration:
 #0: stdout all=warning uptime,level,tags
 #1: stderr all=off uptime,level,tags

Environment Variables:
JAVA_HOME=C:\Program Files\AdoptOpenJDK\jdk-13.0.0.33-hotspot\
PATH=C:\Python38\Scripts\;C:\Python38\;C:\VulkanSDK\1.2.135.0\Bin;C:\Python37\Scripts\;C:\Python37\;C:\Program Files (x86)\NVIDIA Corporation\PhysX\Common;C:\Program Files\AdoptOpenJDK\jdk-13.0.0.33-hotspot\bin;C:\Program Files (x86)\Common Files\Oracle\Java\javapath;C:\WINDOWS\system32;C:\WINDOWS;C:\WINDOWS\System32\Wbem;C:\WINDOWS\System32\WindowsPowerShell\v1.0\;C:\WINDOWS\System32\OpenSSH\;C:\Program Files\dotnet\;C:\Program Files (x86)\Microsoft Visual Studio\2019\Preview\MSBuild\Current\Bin;C:\Program Files\ffmpeg\bin;C:\Program Files\NASM;C:\MinGW\bin;C:\Program Files\Microsoft SQL Server\Client SDK\ODBC\110\Tools\Binn\;C:\Program Files (x86)\Microsoft SQL Server\120\Tools\Binn\;C:\Program Files\Microsoft SQL Server\120\Tools\Binn\;C:\Program Files\Microsoft SQL Server\120\DTS\Binn\;C:\Program Files (x86)\Windows Kits\8.1\Windows Performance Toolkit\;C:\Program Files (x86)\Intel\Intel(R) Management Engine Components\DAL;C:\Program Files\Intel\Intel(R) Management Engine Components\DAL;C:\opt\ros\melodic\x64\bin;C:\Program Files\CMake\bin;C:\Program Files\Cppcheck;C:\Program Files (x86)\GNU Tools Arm Embedded\9 2019-q4-major\bin;C:\Program Files\MATLAB\R2020a\bin;C:\Qt\5.14.2\msvc2017_64\bin;C:\Program Files\PowerShell\7\;C:\Program Files\Git\cmd;C:\Users\javst\.cargo\bin;C:\Users\javst\AppData\Local\Microsoft\WindowsApps;C:\Program Files (x86)\Nmap;;C:\Users\javst\AppData\Local\Programs\Microsoft VS Code\bin
USERNAME=javst
OS=Windows_NT
PROCESSOR_IDENTIFIER=Intel64 Family 6 Model 158 Stepping 9, GenuineIntel



---------------  S Y S T E M  ---------------

OS: Windows 10 , 64 bit Build 19041 (10.0.19041.207)
OS uptime: 2 days 2:51 hours
HyperV virtualization detected

CPU:total 8 (initial active 8) (4 cores per cpu, 2 threads per core) family 6 model 158 stepping 9, cmov, cx8, fxsr, mmx, sse, sse2, sse3, ssse3, sse4.1, sse4.2, popcnt, avx, avx2, aes, clmul, erms, 3dnowpref, lzcnt, ht, tsc, tscinvbit, bmi1, bmi2, adx, fma

Memory: 4k page, system-wide physical 16198M (6620M free)
TotalPageFile size 19526M (AvailPageFile size 5602M)
current process WorkingSet (physical memory assigned to process): 118M, peak: 118M
current process commit charge ("private bytes"): 377M, peak: 379M

vm_info: OpenJDK 64-Bit Server VM (14+36-1461) for windows-amd64 JRE (14+36-1461), built on Feb  6 2020 19:03:18 by "mach5one" with MS VC++ 15.9 (VS2017)

END.
